Determining if the pthread_create exist failed with the following output:
Change Dir: /media/D/train_code/darknet-master/build-release/CMakeFiles/CMakeTmp

Run Build Command:"/usr/bin/make" "cmTC_7f9b5/fast"
/usr/bin/make -f CMakeFiles/cmTC_7f9b5.dir/build.make CMakeFiles/cmTC_7f9b5.dir/build
make[1]: Entering directory '/media/D/train_code/darknet-master/build-release/CMakeFiles/CMakeTmp'
Building C object CMakeFiles/cmTC_7f9b5.dir/CheckSymbolExists.c.o
/usr/bin/cc   -fPIC    -o CMakeFiles/cmTC_7f9b5.dir/CheckSymbolExists.c.o   -c /media/D/train_code/darknet-master/build-release/CMakeFiles/CMakeTmp/CheckSymbolExists.c
Linking C executable cmTC_7f9b5
/usr/bin/cmake -E cmake_link_script CMakeFiles/cmTC_7f9b5.dir/link.txt --verbose=1
/usr/bin/cc -fPIC     CMakeFiles/cmTC_7f9b5.dir/CheckSymbolExists.c.o  -o cmTC_7f9b5 
CMakeFiles/cmTC_7f9b5.dir/CheckSymbolExists.c.o: In function `main':
CheckSymbolExists.c:(.text+0x1b): undefined reference to `pthread_create'
collect2: error: ld returned 1 exit status
CMakeFiles/cmTC_7f9b5.dir/build.make:97: recipe for target 'cmTC_7f9b5' failed
make[1]: *** [cmTC_7f9b5] Error 1
make[1]: Leaving directory '/media/D/train_code/darknet-master/build-release/CMakeFiles/CMakeTmp'
Makefile:126: recipe for target 'cmTC_7f9b5/fast' failed
make: *** [cmTC_7f9b5/fast] Error 2

File /media/D/train_code/darknet-master/build-release/CMakeFiles/CMakeTmp/CheckSymbolExists.c:
/* */
#include <pthread.h>

int main(int argc, char** argv)
{
  (void)argv;
#ifndef pthread_create
  return ((int*)(&pthread_create))[argc];
#else
  (void)argc;
  return 0;
#endif
}

Determining if the function pthread_create exists in the pthreads failed with the following output:
Change Dir: /media/D/train_code/darknet-master/build-release/CMakeFiles/CMakeTmp

Run Build Command:"/usr/bin/make" "cmTC_6812b/fast"
/usr/bin/make -f CMakeFiles/cmTC_6812b.dir/build.make CMakeFiles/cmTC_6812b.dir/build
make[1]: Entering directory '/media/D/train_code/darknet-master/build-release/CMakeFiles/CMakeTmp'
Building C object CMakeFiles/cmTC_6812b.dir/CheckFunctionExists.c.o
/usr/bin/cc   -fPIC -DCHECK_FUNCTION_EXISTS=pthread_create   -o CMakeFiles/cmTC_6812b.dir/CheckFunctionExists.c.o   -c /usr/share/cmake-3.10/Modules/CheckFunctionExists.c
Linking C executable cmTC_6812b
/usr/bin/cmake -E cmake_link_script CMakeFiles/cmTC_6812b.dir/link.txt --verbose=1
/usr/bin/cc -fPIC -DCHECK_FUNCTION_EXISTS=pthread_create    CMakeFiles/cmTC_6812b.dir/CheckFunctionExists.c.o  -o cmTC_6812b -lpthreads 
/usr/bin/ld: cannot find -lpthreads
collect2: error: ld returned 1 exit status
CMakeFiles/cmTC_6812b.dir/build.make:97: recipe for target 'cmTC_6812b' failed
make[1]: *** [cmTC_6812b] Error 1
make[1]: Leaving directory '/media/D/train_code/darknet-master/build-release/CMakeFiles/CMakeTmp'
Makefile:126: recipe for target 'cmTC_6812b/fast' failed
make: *** [cmTC_6812b/fast] Error 2


